7402 [Asterisk-Java DaemonPool-1-thread-1] WARN  org.hibernate.internal.util.xml.DTDEntityResolver  - HHH000223: Recognized obsolete hibernate namespace http://hibernate.sourceforge.net/. Use namespace http://www.hibernate.org/dtd/ instead. Refer to Hibernate 3.6 Migration Guide!
7451 [Asterisk-Java DaemonPool-1-thread-1] WARN  org.hibernate.internal.util.xml.DTDEntityResolver  - HHH000223: Recognized obsolete hibernate namespace http://hibernate.sourceforge.net/. Use namespace http://www.hibernate.org/dtd/ instead. Refer to Hibernate 3.6 Migration Guide!
7515 [Asterisk-Java DaemonPool-1-thread-1] WARN  org.hibernate.internal.util.xml.DTDEntityResolver  - HHH000223: Recognized obsolete hibernate namespace http://hibernate.sourceforge.net/. Use namespace http://www.hibernate.org/dtd/ instead. Refer to Hibernate 3.6 Migration Guide!
7564 [Asterisk-Java DaemonPool-1-thread-1] WARN  org.hibernate.internal.util.xml.DTDEntityResolver  - HHH000223: Recognized obsolete hibernate namespace http://hibernate.sourceforge.net/. Use namespace http://www.hibernate.org/dtd/ instead. Refer to Hibernate 3.6 Migration Guide!
7593 [Asterisk-Java DaemonPool-1-thread-1] WARN  org.hibernate.internal.util.xml.DTDEntityResolver  - HHH000223: Recognized obsolete hibernate namespace http://hibernate.sourceforge.net/. Use namespace http://www.hibernate.org/dtd/ instead. Refer to Hibernate 3.6 Migration Guide!
7623 [Asterisk-Java DaemonPool-1-thread-1] WARN  org.hibernate.internal.util.xml.DTDEntityResolver  - HHH000223: Recognized obsolete hibernate namespace http://hibernate.sourceforge.net/. Use namespace http://www.hibernate.org/dtd/ instead. Refer to Hibernate 3.6 Migration Guide!
436  [Asterisk-Java DaemonPool-1-thread-1] WARN  org.hibernate.internal.util.xml.DTDEntityResolver  - HHH000223: Recognized obsolete hibernate namespace http://hibernate.sourceforge.net/. Use namespace http://www.hibernate.org/dtd/ instead. Refer to Hibernate 3.6 Migration Guide!
513  [Asterisk-Java DaemonPool-1-thread-1] WARN  org.hibernate.internal.util.xml.DTDEntityResolver  - HHH000223: Recognized obsolete hibernate namespace http://hibernate.sourceforge.net/. Use namespace http://www.hibernate.org/dtd/ instead. Refer to Hibernate 3.6 Migration Guide!
574  [Asterisk-Java DaemonPool-1-thread-1] WARN  org.hibernate.internal.util.xml.DTDEntityResolver  - HHH000223: Recognized obsolete hibernate namespace http://hibernate.sourceforge.net/. Use namespace http://www.hibernate.org/dtd/ instead. Refer to Hibernate 3.6 Migration Guide!
631  [Asterisk-Java DaemonPool-1-thread-1] WARN  org.hibernate.internal.util.xml.DTDEntityResolver  - HHH000223: Recognized obsolete hibernate namespace http://hibernate.sourceforge.net/. Use namespace http://www.hibernate.org/dtd/ instead. Refer to Hibernate 3.6 Migration Guide!
676  [Asterisk-Java DaemonPool-1-thread-1] WARN  org.hibernate.internal.util.xml.DTDEntityResolver  - HHH000223: Recognized obsolete hibernate namespace http://hibernate.sourceforge.net/. Use namespace http://www.hibernate.org/dtd/ instead. Refer to Hibernate 3.6 Migration Guide!
714  [Asterisk-Java DaemonPool-1-thread-1] WARN  org.hibernate.internal.util.xml.DTDEntityResolver  - HHH000223: Recognized obsolete hibernate namespace http://hibernate.sourceforge.net/. Use namespace http://www.hibernate.org/dtd/ instead. Refer to Hibernate 3.6 Migration Guide!
97946 [Asterisk-Java DaemonPool-1-thread-1] WARN  org.hibernate.internal.util.xml.DTDEntityResolver  - HHH000223: Recognized obsolete hibernate namespace http://hibernate.sourceforge.net/. Use namespace http://www.hibernate.org/dtd/ instead. Refer to Hibernate 3.6 Migration Guide!
98010 [Asterisk-Java DaemonPool-1-thread-1] WARN  org.hibernate.internal.util.xml.DTDEntityResolver  - HHH000223: Recognized obsolete hibernate namespace http://hibernate.sourceforge.net/. Use namespace http://www.hibernate.org/dtd/ instead. Refer to Hibernate 3.6 Migration Guide!
98073 [Asterisk-Java DaemonPool-1-thread-1] WARN  org.hibernate.internal.util.xml.DTDEntityResolver  - HHH000223: Recognized obsolete hibernate namespace http://hibernate.sourceforge.net/. Use namespace http://www.hibernate.org/dtd/ instead. Refer to Hibernate 3.6 Migration Guide!
98119 [Asterisk-Java DaemonPool-1-thread-1] WARN  org.hibernate.internal.util.xml.DTDEntityResolver  - HHH000223: Recognized obsolete hibernate namespace http://hibernate.sourceforge.net/. Use namespace http://www.hibernate.org/dtd/ instead. Refer to Hibernate 3.6 Migration Guide!
98152 [Asterisk-Java DaemonPool-1-thread-1] WARN  org.hibernate.internal.util.xml.DTDEntityResolver  - HHH000223: Recognized obsolete hibernate namespace http://hibernate.sourceforge.net/. Use namespace http://www.hibernate.org/dtd/ instead. Refer to Hibernate 3.6 Migration Guide!
98177 [Asterisk-Java DaemonPool-1-thread-1] WARN  org.hibernate.internal.util.xml.DTDEntityResolver  - HHH000223: Recognized obsolete hibernate namespace http://hibernate.sourceforge.net/. Use namespace http://www.hibernate.org/dtd/ instead. Refer to Hibernate 3.6 Migration Guide!
15641 [Asterisk-Java DaemonPool-1-thread-1] WARN  org.hibernate.internal.util.xml.DTDEntityResolver  - HHH000223: Recognized obsolete hibernate namespace http://hibernate.sourceforge.net/. Use namespace http://www.hibernate.org/dtd/ instead. Refer to Hibernate 3.6 Migration Guide!
15712 [Asterisk-Java DaemonPool-1-thread-1] WARN  org.hibernate.internal.util.xml.DTDEntityResolver  - HHH000223: Recognized obsolete hibernate namespace http://hibernate.sourceforge.net/. Use namespace http://www.hibernate.org/dtd/ instead. Refer to Hibernate 3.6 Migration Guide!
15785 [Asterisk-Java DaemonPool-1-thread-1] WARN  org.hibernate.internal.util.xml.DTDEntityResolver  - HHH000223: Recognized obsolete hibernate namespace http://hibernate.sourceforge.net/. Use namespace http://www.hibernate.org/dtd/ instead. Refer to Hibernate 3.6 Migration Guide!
15834 [Asterisk-Java DaemonPool-1-thread-1] WARN  org.hibernate.internal.util.xml.DTDEntityResolver  - HHH000223: Recognized obsolete hibernate namespace http://hibernate.sourceforge.net/. Use namespace http://www.hibernate.org/dtd/ instead. Refer to Hibernate 3.6 Migration Guide!
15864 [Asterisk-Java DaemonPool-1-thread-1] WARN  org.hibernate.internal.util.xml.DTDEntityResolver  - HHH000223: Recognized obsolete hibernate namespace http://hibernate.sourceforge.net/. Use namespace http://www.hibernate.org/dtd/ instead. Refer to Hibernate 3.6 Migration Guide!
15895 [Asterisk-Java DaemonPool-1-thread-1] WARN  org.hibernate.internal.util.xml.DTDEntityResolver  - HHH000223: Recognized obsolete hibernate namespace http://hibernate.sourceforge.net/. Use namespace http://www.hibernate.org/dtd/ instead. Refer to Hibernate 3.6 Migration Guide!
48489 [Asterisk-Java DaemonPool-1-thread-1] WARN  org.hibernate.internal.util.xml.DTDEntityResolver  - HHH000223: Recognized obsolete hibernate namespace http://hibernate.sourceforge.net/. Use namespace http://www.hibernate.org/dtd/ instead. Refer to Hibernate 3.6 Migration Guide!
48595 [Asterisk-Java DaemonPool-1-thread-1] WARN  org.hibernate.internal.util.xml.DTDEntityResolver  - HHH000223: Recognized obsolete hibernate namespace http://hibernate.sourceforge.net/. Use namespace http://www.hibernate.org/dtd/ instead. Refer to Hibernate 3.6 Migration Guide!
48716 [Asterisk-Java DaemonPool-1-thread-1] WARN  org.hibernate.internal.util.xml.DTDEntityResolver  - HHH000223: Recognized obsolete hibernate namespace http://hibernate.sourceforge.net/. Use namespace http://www.hibernate.org/dtd/ instead. Refer to Hibernate 3.6 Migration Guide!
48821 [Asterisk-Java DaemonPool-1-thread-1] WARN  org.hibernate.internal.util.xml.DTDEntityResolver  - HHH000223: Recognized obsolete hibernate namespace http://hibernate.sourceforge.net/. Use namespace http://www.hibernate.org/dtd/ instead. Refer to Hibernate 3.6 Migration Guide!
48898 [Asterisk-Java DaemonPool-1-thread-1] WARN  org.hibernate.internal.util.xml.DTDEntityResolver  - HHH000223: Recognized obsolete hibernate namespace http://hibernate.sourceforge.net/. Use namespace http://www.hibernate.org/dtd/ instead. Refer to Hibernate 3.6 Migration Guide!
48965 [Asterisk-Java DaemonPool-1-thread-1] WARN  org.hibernate.internal.util.xml.DTDEntityResolver  - HHH000223: Recognized obsolete hibernate namespace http://hibernate.sourceforge.net/. Use namespace http://www.hibernate.org/dtd/ instead. Refer to Hibernate 3.6 Migration Guide!
15080 [Asterisk-Java DaemonPool-1-thread-1] WARN  org.hibernate.internal.util.xml.DTDEntityResolver  - HHH000223: Recognized obsolete hibernate namespace http://hibernate.sourceforge.net/. Use namespace http://www.hibernate.org/dtd/ instead. Refer to Hibernate 3.6 Migration Guide!
15178 [Asterisk-Java DaemonPool-1-thread-1] WARN  org.hibernate.internal.util.xml.DTDEntityResolver  - HHH000223: Recognized obsolete hibernate namespace http://hibernate.sourceforge.net/. Use namespace http://www.hibernate.org/dtd/ instead. Refer to Hibernate 3.6 Migration Guide!
15303 [Asterisk-Java DaemonPool-1-thread-1] WARN  org.hibernate.internal.util.xml.DTDEntityResolver  - HHH000223: Recognized obsolete hibernate namespace http://hibernate.sourceforge.net/. Use namespace http://www.hibernate.org/dtd/ instead. Refer to Hibernate 3.6 Migration Guide!
15400 [Asterisk-Java DaemonPool-1-thread-1] WARN  org.hibernate.internal.util.xml.DTDEntityResolver  - HHH000223: Recognized obsolete hibernate namespace http://hibernate.sourceforge.net/. Use namespace http://www.hibernate.org/dtd/ instead. Refer to Hibernate 3.6 Migration Guide!
15465 [Asterisk-Java DaemonPool-1-thread-1] WARN  org.hibernate.internal.util.xml.DTDEntityResolver  - HHH000223: Recognized obsolete hibernate namespace http://hibernate.sourceforge.net/. Use namespace http://www.hibernate.org/dtd/ instead. Refer to Hibernate 3.6 Migration Guide!
15529 [Asterisk-Java DaemonPool-1-thread-1] WARN  org.hibernate.internal.util.xml.DTDEntityResolver  - HHH000223: Recognized obsolete hibernate namespace http://hibernate.sourceforge.net/. Use namespace http://www.hibernate.org/dtd/ instead. Refer to Hibernate 3.6 Migration Guide!
299074 [Asterisk-Java DaemonPool-1-thread-1] WARN  org.hibernate.internal.util.xml.DTDEntityResolver  - HHH000223: Recognized obsolete hibernate namespace http://hibernate.sourceforge.net/. Use namespace http://www.hibernate.org/dtd/ instead. Refer to Hibernate 3.6 Migration Guide!
299172 [Asterisk-Java DaemonPool-1-thread-1] WARN  org.hibernate.internal.util.xml.DTDEntityResolver  - HHH000223: Recognized obsolete hibernate namespace http://hibernate.sourceforge.net/. Use namespace http://www.hibernate.org/dtd/ instead. Refer to Hibernate 3.6 Migration Guide!
299302 [Asterisk-Java DaemonPool-1-thread-1] WARN  org.hibernate.internal.util.xml.DTDEntityResolver  - HHH000223: Recognized obsolete hibernate namespace http://hibernate.sourceforge.net/. Use namespace http://www.hibernate.org/dtd/ instead. Refer to Hibernate 3.6 Migration Guide!
299415 [Asterisk-Java DaemonPool-1-thread-1] WARN  org.hibernate.internal.util.xml.DTDEntityResolver  - HHH000223: Recognized obsolete hibernate namespace http://hibernate.sourceforge.net/. Use namespace http://www.hibernate.org/dtd/ instead. Refer to Hibernate 3.6 Migration Guide!
299474 [Asterisk-Java DaemonPool-1-thread-1] WARN  org.hibernate.internal.util.xml.DTDEntityResolver  - HHH000223: Recognized obsolete hibernate namespace http://hibernate.sourceforge.net/. Use namespace http://www.hibernate.org/dtd/ instead. Refer to Hibernate 3.6 Migration Guide!
299543 [Asterisk-Java DaemonPool-1-thread-1] WARN  org.hibernate.internal.util.xml.DTDEntityResolver  - HHH000223: Recognized obsolete hibernate namespace http://hibernate.sourceforge.net/. Use namespace http://www.hibernate.org/dtd/ instead. Refer to Hibernate 3.6 Migration Guide!
4612100 [Asterisk-Java DaemonPool-1-thread-5] ERROR org.raxa.audioplayer.CallHandler  - Cannot map the language chosen by user
4612100 [Asterisk-Java DaemonPool-1-thread-5] ERROR org.raxa.audioplayer.CallHandler  - Unable to get Language when playing to user withn number SIP/1000abc
4665929 [Asterisk-Java DaemonPool-1-thread-6] ERROR org.raxa.registration.Register  - Deleting the patient with patient id:null for alert:1
4665963 [Asterisk-Java DaemonPool-1-thread-6] ERROR org.raxa.audioplayer.CallHandler  - IMPORTANT:SOME ERROR WHILE HANDLING THE CALL with caller:null
25215 [Asterisk-Java DaemonPool-1-thread-1] WARN  org.hibernate.internal.util.xml.DTDEntityResolver  - HHH000223: Recognized obsolete hibernate namespace http://hibernate.sourceforge.net/. Use namespace http://www.hibernate.org/dtd/ instead. Refer to Hibernate 3.6 Migration Guide!
25410 [Asterisk-Java DaemonPool-1-thread-1] WARN  org.hibernate.internal.util.xml.DTDEntityResolver  - HHH000223: Recognized obsolete hibernate namespace http://hibernate.sourceforge.net/. Use namespace http://www.hibernate.org/dtd/ instead. Refer to Hibernate 3.6 Migration Guide!
25557 [Asterisk-Java DaemonPool-1-thread-1] WARN  org.hibernate.internal.util.xml.DTDEntityResolver  - HHH000223: Recognized obsolete hibernate namespace http://hibernate.sourceforge.net/. Use namespace http://www.hibernate.org/dtd/ instead. Refer to Hibernate 3.6 Migration Guide!
25707 [Asterisk-Java DaemonPool-1-thread-1] WARN  org.hibernate.internal.util.xml.DTDEntityResolver  - HHH000223: Recognized obsolete hibernate namespace http://hibernate.sourceforge.net/. Use namespace http://www.hibernate.org/dtd/ instead. Refer to Hibernate 3.6 Migration Guide!
25781 [Asterisk-Java DaemonPool-1-thread-1] WARN  org.hibernate.internal.util.xml.DTDEntityResolver  - HHH000223: Recognized obsolete hibernate namespace http://hibernate.sourceforge.net/. Use namespace http://www.hibernate.org/dtd/ instead. Refer to Hibernate 3.6 Migration Guide!
25839 [Asterisk-Java DaemonPool-1-thread-1] WARN  org.hibernate.internal.util.xml.DTDEntityResolver  - HHH000223: Recognized obsolete hibernate namespace http://hibernate.sourceforge.net/. Use namespace http://www.hibernate.org/dtd/ instead. Refer to Hibernate 3.6 Migration Guide!
22517 [Asterisk-Java DaemonPool-1-thread-1] WARN  org.hibernate.internal.util.xml.DTDEntityResolver  - HHH000223: Recognized obsolete hibernate namespace http://hibernate.sourceforge.net/. Use namespace http://www.hibernate.org/dtd/ instead. Refer to Hibernate 3.6 Migration Guide!
22649 [Asterisk-Java DaemonPool-1-thread-1] WARN  org.hibernate.internal.util.xml.DTDEntityResolver  - HHH000223: Recognized obsolete hibernate namespace http://hibernate.sourceforge.net/. Use namespace http://www.hibernate.org/dtd/ instead. Refer to Hibernate 3.6 Migration Guide!
22813 [Asterisk-Java DaemonPool-1-thread-1] WARN  org.hibernate.internal.util.xml.DTDEntityResolver  - HHH000223: Recognized obsolete hibernate namespace http://hibernate.sourceforge.net/. Use namespace http://www.hibernate.org/dtd/ instead. Refer to Hibernate 3.6 Migration Guide!
22980 [Asterisk-Java DaemonPool-1-thread-1] WARN  org.hibernate.internal.util.xml.DTDEntityResolver  - HHH000223: Recognized obsolete hibernate namespace http://hibernate.sourceforge.net/. Use namespace http://www.hibernate.org/dtd/ instead. Refer to Hibernate 3.6 Migration Guide!
23048 [Asterisk-Java DaemonPool-1-thread-1] WARN  org.hibernate.internal.util.xml.DTDEntityResolver  - HHH000223: Recognized obsolete hibernate namespace http://hibernate.sourceforge.net/. Use namespace http://www.hibernate.org/dtd/ instead. Refer to Hibernate 3.6 Migration Guide!
23122 [Asterisk-Java DaemonPool-1-thread-1] WARN  org.hibernate.internal.util.xml.DTDEntityResolver  - HHH000223: Recognized obsolete hibernate namespace http://hibernate.sourceforge.net/. Use namespace http://www.hibernate.org/dtd/ instead. Refer to Hibernate 3.6 Migration Guide!
15818 [Asterisk-Java DaemonPool-1-thread-1] WARN  org.hibernate.internal.util.xml.DTDEntityResolver  - HHH000223: Recognized obsolete hibernate namespace http://hibernate.sourceforge.net/. Use namespace http://www.hibernate.org/dtd/ instead. Refer to Hibernate 3.6 Migration Guide!
16199 [Asterisk-Java DaemonPool-1-thread-1] WARN  org.hibernate.internal.util.xml.DTDEntityResolver  - HHH000223: Recognized obsolete hibernate namespace http://hibernate.sourceforge.net/. Use namespace http://www.hibernate.org/dtd/ instead. Refer to Hibernate 3.6 Migration Guide!
16440 [Asterisk-Java DaemonPool-1-thread-1] WARN  org.hibernate.internal.util.xml.DTDEntityResolver  - HHH000223: Recognized obsolete hibernate namespace http://hibernate.sourceforge.net/. Use namespace http://www.hibernate.org/dtd/ instead. Refer to Hibernate 3.6 Migration Guide!
16637 [Asterisk-Java DaemonPool-1-thread-1] WARN  org.hibernate.internal.util.xml.DTDEntityResolver  - HHH000223: Recognized obsolete hibernate namespace http://hibernate.sourceforge.net/. Use namespace http://www.hibernate.org/dtd/ instead. Refer to Hibernate 3.6 Migration Guide!
16716 [Asterisk-Java DaemonPool-1-thread-1] WARN  org.hibernate.internal.util.xml.DTDEntityResolver  - HHH000223: Recognized obsolete hibernate namespace http://hibernate.sourceforge.net/. Use namespace http://www.hibernate.org/dtd/ instead. Refer to Hibernate 3.6 Migration Guide!
16790 [Asterisk-Java DaemonPool-1-thread-1] WARN  org.hibernate.internal.util.xml.DTDEntityResolver  - HHH000223: Recognized obsolete hibernate namespace http://hibernate.sourceforge.net/. Use namespace http://www.hibernate.org/dtd/ instead. Refer to Hibernate 3.6 Migration Guide!
23336 [Asterisk-Java DaemonPool-1-thread-1] WARN  org.hibernate.internal.util.xml.DTDEntityResolver  - HHH000223: Recognized obsolete hibernate namespace http://hibernate.sourceforge.net/. Use namespace http://www.hibernate.org/dtd/ instead. Refer to Hibernate 3.6 Migration Guide!
23733 [Asterisk-Java DaemonPool-1-thread-1] WARN  org.hibernate.internal.util.xml.DTDEntityResolver  - HHH000223: Recognized obsolete hibernate namespace http://hibernate.sourceforge.net/. Use namespace http://www.hibernate.org/dtd/ instead. Refer to Hibernate 3.6 Migration Guide!
23952 [Asterisk-Java DaemonPool-1-thread-1] WARN  org.hibernate.internal.util.xml.DTDEntityResolver  - HHH000223: Recognized obsolete hibernate namespace http://hibernate.sourceforge.net/. Use namespace http://www.hibernate.org/dtd/ instead. Refer to Hibernate 3.6 Migration Guide!
24082 [Asterisk-Java DaemonPool-1-thread-1] WARN  org.hibernate.internal.util.xml.DTDEntityResolver  - HHH000223: Recognized obsolete hibernate namespace http://hibernate.sourceforge.net/. Use namespace http://www.hibernate.org/dtd/ instead. Refer to Hibernate 3.6 Migration Guide!
24177 [Asterisk-Java DaemonPool-1-thread-1] WARN  org.hibernate.internal.util.xml.DTDEntityResolver  - HHH000223: Recognized obsolete hibernate namespace http://hibernate.sourceforge.net/. Use namespace http://www.hibernate.org/dtd/ instead. Refer to Hibernate 3.6 Migration Guide!
24341 [Asterisk-Java DaemonPool-1-thread-1] WARN  org.hibernate.internal.util.xml.DTDEntityResolver  - HHH000223: Recognized obsolete hibernate namespace http://hibernate.sourceforge.net/. Use namespace http://www.hibernate.org/dtd/ instead. Refer to Hibernate 3.6 Migration Guide!
22493 [Asterisk-Java DaemonPool-1-thread-1] WARN  org.hibernate.internal.util.xml.DTDEntityResolver  - HHH000223: Recognized obsolete hibernate namespace http://hibernate.sourceforge.net/. Use namespace http://www.hibernate.org/dtd/ instead. Refer to Hibernate 3.6 Migration Guide!
22958 [Asterisk-Java DaemonPool-1-thread-1] WARN  org.hibernate.internal.util.xml.DTDEntityResolver  - HHH000223: Recognized obsolete hibernate namespace http://hibernate.sourceforge.net/. Use namespace http://www.hibernate.org/dtd/ instead. Refer to Hibernate 3.6 Migration Guide!
23147 [Asterisk-Java DaemonPool-1-thread-1] WARN  org.hibernate.internal.util.xml.DTDEntityResolver  - HHH000223: Recognized obsolete hibernate namespace http://hibernate.sourceforge.net/. Use namespace http://www.hibernate.org/dtd/ instead. Refer to Hibernate 3.6 Migration Guide!
23269 [Asterisk-Java DaemonPool-1-thread-1] WARN  org.hibernate.internal.util.xml.DTDEntityResolver  - HHH000223: Recognized obsolete hibernate namespace http://hibernate.sourceforge.net/. Use namespace http://www.hibernate.org/dtd/ instead. Refer to Hibernate 3.6 Migration Guide!
23345 [Asterisk-Java DaemonPool-1-thread-1] WARN  org.hibernate.internal.util.xml.DTDEntityResolver  - HHH000223: Recognized obsolete hibernate namespace http://hibernate.sourceforge.net/. Use namespace http://www.hibernate.org/dtd/ instead. Refer to Hibernate 3.6 Migration Guide!
23422 [Asterisk-Java DaemonPool-1-thread-1] WARN  org.hibernate.internal.util.xml.DTDEntityResolver  - HHH000223: Recognized obsolete hibernate namespace http://hibernate.sourceforge.net/. Use namespace http://www.hibernate.org/dtd/ instead. Refer to Hibernate 3.6 Migration Guide!
17606 [Asterisk-Java DaemonPool-1-thread-1] WARN  org.hibernate.internal.util.xml.DTDEntityResolver  - HHH000223: Recognized obsolete hibernate namespace http://hibernate.sourceforge.net/. Use namespace http://www.hibernate.org/dtd/ instead. Refer to Hibernate 3.6 Migration Guide!
18003 [Asterisk-Java DaemonPool-1-thread-1] WARN  org.hibernate.internal.util.xml.DTDEntityResolver  - HHH000223: Recognized obsolete hibernate namespace http://hibernate.sourceforge.net/. Use namespace http://www.hibernate.org/dtd/ instead. Refer to Hibernate 3.6 Migration Guide!
18344 [Asterisk-Java DaemonPool-1-thread-1] WARN  org.hibernate.internal.util.xml.DTDEntityResolver  - HHH000223: Recognized obsolete hibernate namespace http://hibernate.sourceforge.net/. Use namespace http://www.hibernate.org/dtd/ instead. Refer to Hibernate 3.6 Migration Guide!
18466 [Asterisk-Java DaemonPool-1-thread-1] WARN  org.hibernate.internal.util.xml.DTDEntityResolver  - HHH000223: Recognized obsolete hibernate namespace http://hibernate.sourceforge.net/. Use namespace http://www.hibernate.org/dtd/ instead. Refer to Hibernate 3.6 Migration Guide!
18532 [Asterisk-Java DaemonPool-1-thread-1] WARN  org.hibernate.internal.util.xml.DTDEntityResolver  - HHH000223: Recognized obsolete hibernate namespace http://hibernate.sourceforge.net/. Use namespace http://www.hibernate.org/dtd/ instead. Refer to Hibernate 3.6 Migration Guide!
18647 [Asterisk-Java DaemonPool-1-thread-1] WARN  org.hibernate.internal.util.xml.DTDEntityResolver  - HHH000223: Recognized obsolete hibernate namespace http://hibernate.sourceforge.net/. Use namespace http://www.hibernate.org/dtd/ instead. Refer to Hibernate 3.6 Migration Guide!
4715 [Asterisk-Java DaemonPool-1-thread-1] WARN  org.hibernate.internal.util.xml.DTDEntityResolver  - HHH000223: Recognized obsolete hibernate namespace http://hibernate.sourceforge.net/. Use namespace http://www.hibernate.org/dtd/ instead. Refer to Hibernate 3.6 Migration Guide!
4949 [Asterisk-Java DaemonPool-1-thread-1] WARN  org.hibernate.internal.util.xml.DTDEntityResolver  - HHH000223: Recognized obsolete hibernate namespace http://hibernate.sourceforge.net/. Use namespace http://www.hibernate.org/dtd/ instead. Refer to Hibernate 3.6 Migration Guide!
5139 [Asterisk-Java DaemonPool-1-thread-1] WARN  org.hibernate.internal.util.xml.DTDEntityResolver  - HHH000223: Recognized obsolete hibernate namespace http://hibernate.sourceforge.net/. Use namespace http://www.hibernate.org/dtd/ instead. Refer to Hibernate 3.6 Migration Guide!
5281 [Asterisk-Java DaemonPool-1-thread-1] WARN  org.hibernate.internal.util.xml.DTDEntityResolver  - HHH000223: Recognized obsolete hibernate namespace http://hibernate.sourceforge.net/. Use namespace http://www.hibernate.org/dtd/ instead. Refer to Hibernate 3.6 Migration Guide!
5384 [Asterisk-Java DaemonPool-1-thread-1] WARN  org.hibernate.internal.util.xml.DTDEntityResolver  - HHH000223: Recognized obsolete hibernate namespace http://hibernate.sourceforge.net/. Use namespace http://www.hibernate.org/dtd/ instead. Refer to Hibernate 3.6 Migration Guide!
5498 [Asterisk-Java DaemonPool-1-thread-1] WARN  org.hibernate.internal.util.xml.DTDEntityResolver  - HHH000223: Recognized obsolete hibernate namespace http://hibernate.sourceforge.net/. Use namespace http://www.hibernate.org/dtd/ instead. Refer to Hibernate 3.6 Migration Guide!
157148 [Asterisk-Java DaemonPool-1-thread-1] WARN  org.hibernate.internal.util.xml.DTDEntityResolver  - HHH000223: Recognized obsolete hibernate namespace http://hibernate.sourceforge.net/. Use namespace http://www.hibernate.org/dtd/ instead. Refer to Hibernate 3.6 Migration Guide!
157353 [Asterisk-Java DaemonPool-1-thread-1] WARN  org.hibernate.internal.util.xml.DTDEntityResolver  - HHH000223: Recognized obsolete hibernate namespace http://hibernate.sourceforge.net/. Use namespace http://www.hibernate.org/dtd/ instead. Refer to Hibernate 3.6 Migration Guide!
157434 [Asterisk-Java DaemonPool-1-thread-1] WARN  org.hibernate.internal.util.xml.DTDEntityResolver  - HHH000223: Recognized obsolete hibernate namespace http://hibernate.sourceforge.net/. Use namespace http://www.hibernate.org/dtd/ instead. Refer to Hibernate 3.6 Migration Guide!
157502 [Asterisk-Java DaemonPool-1-thread-1] WARN  org.hibernate.internal.util.xml.DTDEntityResolver  - HHH000223: Recognized obsolete hibernate namespace http://hibernate.sourceforge.net/. Use namespace http://www.hibernate.org/dtd/ instead. Refer to Hibernate 3.6 Migration Guide!
157535 [Asterisk-Java DaemonPool-1-thread-1] WARN  org.hibernate.internal.util.xml.DTDEntityResolver  - HHH000223: Recognized obsolete hibernate namespace http://hibernate.sourceforge.net/. Use namespace http://www.hibernate.org/dtd/ instead. Refer to Hibernate 3.6 Migration Guide!
157585 [Asterisk-Java DaemonPool-1-thread-1] WARN  org.hibernate.internal.util.xml.DTDEntityResolver  - HHH000223: Recognized obsolete hibernate namespace http://hibernate.sourceforge.net/. Use namespace http://www.hibernate.org/dtd/ instead. Refer to Hibernate 3.6 Migration Guide!
162776 [Asterisk-Java DaemonPool-1-thread-1] ERROR org.raxa.audioplayer.CallHandler  - IMPORTANT:SOME ERROR WHILE HANDLING THE CALL with caller number:null
162778 [Asterisk-Java DaemonPool-1-thread-1] ERROR org.asteriskjava.fastagi.internal.FastAgiConnectionHandler  - AgiException running AgiScript org.raxa.audioplayer.CallHandler on Asterisk-Java DaemonPool-1-thread-1
org.asteriskjava.fastagi.AgiHangupException: Channel was hung up.
	at org.asteriskjava.fastagi.internal.AgiChannelImpl.sendCommand(AgiChannelImpl.java:71)
	at org.asteriskjava.fastagi.internal.AgiChannelImpl.hangup(AgiChannelImpl.java:88)
	at org.asteriskjava.fastagi.AgiOperations.hangup(AgiOperations.java:112)
	at org.raxa.audioplayer.CallHandler.service(Unknown Source)
	at org.asteriskjava.fastagi.internal.AgiConnectionHandler.runScript(AgiConnectionHandler.java:159)
	at org.asteriskjava.fastagi.internal.AgiConnectionHandler.run(AgiConnectionHandler.java:131)
	at java.util.concurrent.ThreadPoolExecutor.runWorker(ThreadPoolExecutor.java:1145)
	at java.util.concurrent.ThreadPoolExecutor$Worker.run(ThreadPoolExecutor.java:615)
	at java.lang.Thread.run(Thread.java:722)
250184 [Asterisk-Java DaemonPool-1-thread-2] ERROR org.raxa.audioplayer.CallHandler  - Cannot map the language chosen by user
250184 [Asterisk-Java DaemonPool-1-thread-2] ERROR org.raxa.audioplayer.CallHandler  - Unable to get Language when playing to user withn number SIP/1000abc
325516 [Asterisk-Java DaemonPool-1-thread-3] ERROR org.raxa.audioplayer.CallHandler  - Cannot map the language chosen by user
325516 [Asterisk-Java DaemonPool-1-thread-3] ERROR org.raxa.audioplayer.CallHandler  - Unable to get Language when playing to user withn number SIP/1000abc
482816 [Asterisk-Java DaemonPool-1-thread-4] ERROR org.raxa.audioplayer.CallHandler  - Cannot map the language chosen by user
482816 [Asterisk-Java DaemonPool-1-thread-4] ERROR org.raxa.audioplayer.CallHandler  - Unable to get Language when playing to user withn number SIP/1000abc
521147 [Asterisk-Java DaemonPool-1-thread-5] ERROR org.raxa.audioplayer.CallHandler  - Cannot map the language chosen by user
521147 [Asterisk-Java DaemonPool-1-thread-5] ERROR org.raxa.audioplayer.CallHandler  - Unable to get Language when playing to user withn number SIP/1000abc
